[2014-08-22 08:50:38] START
till 09-16: 25 days estimate 60 hours spent

[2014-09-17] from on:
Max: 1h on weekday; 4h on weekendday; complete block

[2014-09-20] Release

[2014-09-29] First user sign-up

[2014-10-30->11.02] Bug prevent signup for three days

[2014-11-04] 10 users

[2014-11-28] Time Out error once. Add retry and extended timeout.

[2015-04-01] 50 users

[2015-05-05] Add VigLink Affiliate

[2015-09-29] 100 users

<<<<<<< Updated upstream
[2016-01-19] Allow user to delete account
=======
[2015-11-21] Donation Button
>>>>>>> Stashed changes

[2016-2-12] reCAPTCHA
Clean up database with no criteria by 
~db.table.id.belongs(['''list of ids in criteria'''])
