timestamp: 2014-08-24T08:51:04.059727
CREATE TABLE auth_user(
    id INTEGER PRIMARY KEY AUTOINCREMENT,
    first_name CHAR(128),
    last_name CHAR(128),
    email CHAR(512),
    password CHAR(512),
    registration_key CHAR(512),
    reset_password_key CHAR(512),
    registration_id CHAR(512)
);
success!
timestamp: 2014-08-24T08:51:04.066040
CREATE TABLE auth_group(
    id INTEGER PRIMARY KEY AUTOINCREMENT,
    role CHAR(512),
    description TEXT
);
success!
timestamp: 2014-08-24T08:51:04.068195
CREATE TABLE auth_membership(
    id INTEGER PRIMARY KEY AUTOINCREMENT,
    user_id INTEGER REFERENCES auth_user (id) ON DELETE CASCADE,
    group_id INTEGER REFERENCES auth_group (id) ON DELETE CASCADE
);
success!
timestamp: 2014-08-24T08:51:04.070859
CREATE TABLE auth_permission(
    id INTEGER PRIMARY KEY AUTOINCREMENT,
    group_id INTEGER REFERENCES auth_group (id) ON DELETE CASCADE,
    name CHAR(512),
    table_name CHAR(512),
    record_id INTEGER
);
success!
timestamp: 2014-08-24T08:51:04.074327
CREATE TABLE auth_event(
    id INTEGER PRIMARY KEY AUTOINCREMENT,
    time_stamp TIMESTAMP,
    client_ip CHAR(512),
    user_id INTEGER REFERENCES auth_user (id) ON DELETE CASCADE,
    origin CHAR(512),
    description TEXT
);
success!
timestamp: 2014-08-24T08:51:04.076770
CREATE TABLE auth_cas(
    id INTEGER PRIMARY KEY AUTOINCREMENT,
    user_id INTEGER REFERENCES auth_user (id) ON DELETE CASCADE,
    created_on TIMESTAMP,
    service CHAR(512),
    ticket CHAR(512),
    renew CHAR(1)
);
success!
timestamp: 2014-08-24T16:48:06.825204
CREATE TABLE criteria(
    id INTEGER PRIMARY KEY AUTOINCREMENT,
    uid CHAR(512),
    itemTitle CHAR(512),
    itemDetails CHAR(512),
    revNum CHAR(512),
    aveRev CHAR(512)
);
success!
timestamp: 2014-08-31T21:38:48.817463
CREATE TABLE scheduler_task(
    id INTEGER PRIMARY KEY AUTOINCREMENT,
    application_name CHAR(512),
    task_name CHAR(512),
    group_name CHAR(512),
    status CHAR(512),
    function_name CHAR(512),
    uuid CHAR(255) UNIQUE,
    args TEXT,
    vars TEXT,
    enabled CHAR(1),
    start_time TIMESTAMP,
    next_run_time TIMESTAMP,
    stop_time TIMESTAMP,
    repeats INTEGER,
    retry_failed INTEGER,
    period INTEGER,
    prevent_drift CHAR(1),
    timeout INTEGER,
    sync_output INTEGER,
    times_run INTEGER,
    times_failed INTEGER,
    last_run_time TIMESTAMP,
    assigned_worker_name CHAR(512)
);
success!
timestamp: 2014-08-31T21:38:48.822961
CREATE TABLE scheduler_run(
    id INTEGER PRIMARY KEY AUTOINCREMENT,
    task_id INTEGER REFERENCES scheduler_task (id) ON DELETE CASCADE,
    status CHAR(512),
    start_time TIMESTAMP,
    stop_time TIMESTAMP,
    run_output TEXT,
    run_result TEXT,
    traceback TEXT,
    worker_name CHAR(512)
);
success!
timestamp: 2014-08-31T21:38:48.825993
CREATE TABLE scheduler_worker(
    id INTEGER PRIMARY KEY AUTOINCREMENT,
    worker_name CHAR(255) UNIQUE,
    first_heartbeat TIMESTAMP,
    last_heartbeat TIMESTAMP,
    status CHAR(512),
    is_ticker CHAR(1),
    group_names TEXT
);
success!
timestamp: 2014-09-01T09:11:10.217841
CREATE TABLE saleItems(
    id INTEGER PRIMARY KEY AUTOINCREMENT,
    saleID CHAR(512) UNIQUE,
    itemTitle CHAR(512),
    itemDetails TEXT,
    prodID CHAR(512),
    revNum INTEGER,
    aveRev DOUBLE,
    oriPrice DOUBLE,
    salePrice DOUBLE,
    absSave DOUBLE,
    percSave DOUBLE
);
timestamp: 2014-09-01T09:16:40.087089
CREATE TABLE saleItems(
    id INTEGER PRIMARY KEY AUTOINCREMENT,
    saleID CHAR(512) UNIQUE,
    itemTitle CHAR(512),
    itemDetails TEXT,
    prodID CHAR(512),
    revNum INTEGER,
    aveRev DOUBLE,
    oriPrice DOUBLE,
    salePrice DOUBLE,
    absSave DOUBLE,
    percSave DOUBLE
);
success!
timestamp: 2014-09-01T09:34:18.192522
CREATE TABLE scheduler_task(
    id INTEGER PRIMARY KEY AUTOINCREMENT,
    application_name CHAR(512),
    task_name CHAR(512),
    group_name CHAR(512),
    status CHAR(512),
    function_name CHAR(512),
    uuid CHAR(255) UNIQUE,
    args TEXT,
    vars TEXT,
    enabled CHAR(1),
    start_time TIMESTAMP,
    next_run_time TIMESTAMP,
    stop_time TIMESTAMP,
    repeats INTEGER,
    retry_failed INTEGER,
    period INTEGER,
    prevent_drift CHAR(1),
    timeout INTEGER,
    sync_output INTEGER,
    times_run INTEGER,
    times_failed INTEGER,
    last_run_time TIMESTAMP,
    assigned_worker_name CHAR(512)
);
success!
timestamp: 2014-09-01T09:34:18.198003
CREATE TABLE scheduler_run(
    id INTEGER PRIMARY KEY AUTOINCREMENT,
    task_id INTEGER REFERENCES scheduler_task (id) ON DELETE CASCADE,
    status CHAR(512),
    start_time TIMESTAMP,
    stop_time TIMESTAMP,
    run_output TEXT,
    run_result TEXT,
    traceback TEXT,
    worker_name CHAR(512)
);
success!
timestamp: 2014-09-01T09:34:18.201404
CREATE TABLE scheduler_worker(
    id INTEGER PRIMARY KEY AUTOINCREMENT,
    worker_name CHAR(255) UNIQUE,
    first_heartbeat TIMESTAMP,
    last_heartbeat TIMESTAMP,
    status CHAR(512),
    is_ticker CHAR(1),
    group_names TEXT
);
success!
timestamp: 2014-09-01T09:52:33.064134
CREATE TABLE saleItems(
    id INTEGER PRIMARY KEY AUTOINCREMENT,
    saleID CHAR(512) UNIQUE,
    itemTitle CHAR(512),
    itemDetails TEXT,
    prodID CHAR(512),
    revNum INTEGER,
    aveRev DOUBLE,
    oriPrice DOUBLE,
    salePrice DOUBLE,
    absSave DOUBLE,
    percSave DOUBLE
);
timestamp: 2014-09-01T10:00:34.232873
CREATE TABLE saleItems(
    id INTEGER PRIMARY KEY AUTOINCREMENT,
    saleID CHAR(512) UNIQUE,
    itemTitle CHAR(512),
    itemDetails TEXT,
    prodID CHAR(512),
    revNum INTEGER,
    aveRev DOUBLE,
    oriPrice DOUBLE,
    salePrice DOUBLE,
    absSave DOUBLE,
    percSave DOUBLE
);
success!
